Copyright 1986-2017 Xilinx, Inc. All Rights Reserved.
------------------------------------------------------------------------------------
| Tool Version : Vivado v.2017.4 (win64) Build 2086221 Fri Dec 15 20:55:39 MST 2017
| Date         : Tue Jun  4 17:28:34 2024
| Host         : Aurora running 64-bit major release  (build 9200)
| Command      : report_control_sets -verbose -file top_control_sets_placed.rpt
| Design       : top
| Device       : xc7a35t
------------------------------------------------------------------------------------

Control Set Information

Table of Contents
-----------------
1. Summary
2. Flip-Flop Distribution
3. Detailed Control Set Information

1. Summary
----------

+----------------------------------------------------------+-------+
|                          Status                          | Count |
+----------------------------------------------------------+-------+
| Number of unique control sets                            |    89 |
| Unused register locations in slices containing registers |   168 |
+----------------------------------------------------------+-------+


2. Flip-Flop Distribution
-------------------------

+--------------+-----------------------+------------------------+-----------------+--------------+
| Clock Enable | Synchronous Set/Reset | Asynchronous Set/Reset | Total Registers | Total Slices |
+--------------+-----------------------+------------------------+-----------------+--------------+
| No           | No                    | No                     |             502 |          167 |
| No           | No                    | Yes                    |              13 |            7 |
| No           | Yes                   | No                     |             182 |           59 |
| Yes          | No                    | No                     |              29 |           11 |
| Yes          | No                    | Yes                    |             268 |           82 |
| Yes          | Yes                   | No                     |            1062 |          513 |
+--------------+-----------------------+------------------------+-----------------+--------------+


3. Detailed Control Set Information
-----------------------------------

+--------------------------------------+-------------------------------------------------------------------------------------------------------------------------+----------------------------------------------------------------------------------------------------------------------------------+------------------+----------------+
|             Clock Signal             |                                                      Enable Signal                                                      |                                                         Set/Reset Signal                                                         | Slice Load Count | Bel Load Count |
+--------------------------------------+-------------------------------------------------------------------------------------------------------------------------+----------------------------------------------------------------------------------------------------------------------------------+------------------+----------------+
|  clk_IBUF                            |                                                                                                                         |                                                                                                                                  |                1 |              1 |
|  uart_inst/inst/upg_inst/rdStat_BUFG | uart_inst/inst/upg_inst/upg_wen_o2_out                                                                                  | upg_rst                                                                                                                          |                1 |              1 |
|  clk1/inst/uart_clk                  | uart_inst/inst/upg_inst/upg_done_o_i_1_n_0                                                                              | upg_rst                                                                                                                          |                1 |              1 |
|  segs_inst/num7_reg[0]/G0            |                                                                                                                         |                                                                                                                                  |                1 |              1 |
|  uart_inst/inst/upg_inst/rdStat_BUFG |                                                                                                                         | upg_rst                                                                                                                          |                2 |              2 |
|  rom_inst/rom_inst_i_1_n_1           |                                                                                                                         |                                                                                                                                  |                2 |              2 |
|  vga_clk                             |                                                                                                                         | vgas_inst/let0[3]                                                                                                                |                2 |              2 |
|  vga_clk                             |                                                                                                                         | vgas_inst/char_0/col3_reg[2]_0                                                                                                   |                1 |              2 |
|  dmem/dm_i_1_n_1                     |                                                                                                                         |                                                                                                                                  |                2 |              2 |
|  rom_inst/registers_reg[0][2]        |                                                                                                                         |                                                                                                                                  |                1 |              3 |
|  clk1/inst/uart_clk                  | uart_inst/inst/upg_inst/s_axi_wdata                                                                                     |                                                                                                                                  |                3 |              3 |
|  rom_inst/disp_dat_reg[3]_0[0]       |                                                                                                                         | inst_decoder/regFile/SR[0]                                                                                                       |                1 |              3 |
|  clk1/inst/uart_clk                  | uart_inst/inst/upg_inst/s_axi_wdata                                                                                     | uart_inst/inst/upg_inst/s_axi_wdata[6]_i_1_n_0                                                                                   |                1 |              4 |
|  clk1/inst/uart_clk                  | uart_inst/inst/upg_inst/axi_uart_inst/U0/UARTLITE_CORE_I/BAUD_RATE_I/en_16x_Baud                                        |                                                                                                                                  |                2 |              4 |
|  clk1/inst/uart_clk                  | uart_inst/inst/upg_inst/axi_uart_inst/U0/AXI_LITE_IPIF_I/I_SLAVE_ATTACHMENT/start2                                      | uart_inst/inst/upg_inst/axi_uart_inst/U0/AXI_LITE_IPIF_I/I_SLAVE_ATTACHMENT/I_DECODER/cs_ce_clr                                  |                1 |              4 |
|  vga_clk                             |                                                                                                                         | vgas_inst/let0[4]                                                                                                                |                4 |              5 |
|  vga_clk                             |                                                                                                                         | vgas_inst/num1[3]                                                                                                                |                3 |              6 |
|  vga_clk                             |                                                                                                                         | vgas_inst/num0[3]                                                                                                                |                2 |              6 |
|  vga_clk                             |                                                                                                                         | vgas_inst/num3[3]                                                                                                                |                1 |              6 |
|  vga_clk                             |                                                                                                                         | vgas_inst/num2[3]                                                                                                                |                1 |              6 |
|  vga_clk                             |                                                                                                                         | vgas_inst/num4[3]                                                                                                                |                1 |              6 |
|  clk1/inst/uart_clk                  |                                                                                                                         | uart_inst/inst/upg_inst/axi_uart_inst/U0/UARTLITE_CORE_I/UARTLITE_TX_I/SRL_FIFO_I/I_SRL_FIFO_RBU_F/CNTR_INCR_DECR_ADDN_F_I/SS[0] |                2 |              6 |
|  clk1/inst/uart_clk                  |                                                                                                                         | uart_inst/inst/upg_inst/axi_uart_inst/U0/UARTLITE_CORE_I/UARTLITE_RX_I/SRL_FIFO_I/I_SRL_FIFO_RBU_F/CNTR_INCR_DECR_ADDN_F_I/SS[0] |                2 |              6 |
|  segs_inst/seg_out1_reg[7]_i_2_n_1   |                                                                                                                         |                                                                                                                                  |                2 |              7 |
|  clk1/inst/uart_clk                  | uart_inst/inst/upg_inst/axi_uart_inst/U0/AXI_LITE_IPIF_I/I_SLAVE_ATTACHMENT/I_DECODER/fifo_wr                           |                                                                                                                                  |                1 |              7 |
|  segs_inst/seg_out2_reg[7]_i_1_n_1   |                                                                                                                         |                                                                                                                                  |                2 |              7 |
|  clk1/inst/uart_clk                  | uart_inst/inst/upg_inst/axi_uart_inst/U0/UARTLITE_CORE_I/UARTLITE_RX_I/SRL_FIFO_I/I_SRL_FIFO_RBU_F/DYNSHREG_F_I/fifo_wr |                                                                                                                                  |                1 |              8 |
|  uart_inst/inst/upg_inst/rdStat_BUFG | uart_inst/inst/upg_inst/s_axi_aresetn0                                                                                  | upg_rst                                                                                                                          |                3 |              8 |
|  clk1/inst/uart_clk                  | uart_inst/inst/upg_inst/axi_uart_inst/U0/AXI_LITE_IPIF_I/I_SLAVE_ATTACHMENT/s_axi_rdata_i                               | uart_inst/inst/upg_inst/axi_uart_inst/U0/AXI_LITE_IPIF_I/I_SLAVE_ATTACHMENT/rst                                                  |                3 |              8 |
|  segs_inst/divclk_reg_n_1            |                                                                                                                         | segs_inst/disp_bit[1]                                                                                                            |                1 |              8 |
|  clk1/inst/uart_clk                  | uart_inst/inst/upg_inst/uart_rdat                                                                                       |                                                                                                                                  |                1 |              8 |
|  clk1/inst/uart_clk                  | uart_inst/inst/upg_inst/msg_indx[7]_i_1_n_0                                                                             | upg_rst                                                                                                                          |                3 |              8 |
|  clk1/inst/uart_clk                  |                                                                                                                         | uart_inst/inst/upg_inst/axi_uart_inst/U0/AXI_LITE_IPIF_I/I_SLAVE_ATTACHMENT/rst                                                  |                5 |              8 |
|  uart_inst/inst/upg_inst/rdStat_BUFG | uart_inst/inst/upg_inst/byte_len[7]_i_1_n_0                                                                             | upg_rst                                                                                                                          |                2 |              9 |
|  clk1/inst/uart_clk                  | uart_inst/inst/upg_inst/axi_uart_inst/U0/UARTLITE_CORE_I/BAUD_RATE_I/en_16x_Baud                                        | upg_rst                                                                                                                          |                2 |             10 |
|  vga_clk                             |                                                                                                                         | vgas_inst/hcount_ov                                                                                                              |                3 |             12 |
|  vga_clk                             | vgas_inst/hcount_ov                                                                                                     | vgas_inst/vcount                                                                                                                 |                3 |             12 |
|  segs_inst/divclk_reg_n_1            |                                                                                                                         |                                                                                                                                  |                6 |             15 |
|  rom_inst/E[0]                       |                                                                                                                         |                                                                                                                                  |                6 |             16 |
|  rom_inst/led[0][0]                  |                                                                                                                         |                                                                                                                                  |                5 |             16 |
|  rom_inst/registers_reg[0][15]_0[0]  |                                                                                                                         |                                                                                                                                  |                5 |             16 |
|  clk1/inst/uart_clk                  | uart_inst/inst/upg_inst/wwait_cnt[15]_i_1_n_0                                                                           | upg_rst                                                                                                                          |                4 |             16 |
|  vga_clk                             | rom_inst/wdata_reg[0]_0[0]                                                                                              |                                                                                                                                  |                6 |             16 |
|  clk1/inst/uart_clk                  | uart_inst/inst/upg_inst/rwait_cnt[15]_i_1_n_0                                                                           | upg_rst                                                                                                                          |                4 |             16 |
|  clk1/inst/cpu_clk                   |                                                                                                                         | segs_inst/divclk                                                                                                                 |                5 |             18 |
|  clk1/inst/uart_clk                  |                                                                                                                         |                                                                                                                                  |                8 |             20 |
|  vga_clk                             | rom_inst/num0_reg[3][0]                                                                                                 | inst_decoder/regFile/SR[0]                                                                                                       |               11 |             21 |
|  rom_inst/disp_dat_reg[3][0]         |                                                                                                                         | inst_decoder/regFile/SR[0]                                                                                                       |                9 |             28 |
|  clk1/inst/cpu_clk                   | rom_inst/registers_reg[26][0][0]                                                                                        | inst_decoder/regFile/SR[0]                                                                                                       |               14 |             32 |
|  n_0_2018_BUFG                       |                                                                                                                         |                                                                                                                                  |               18 |             32 |
|  clk1/inst/cpu_clk                   | rom_inst/registers_reg[13][0][0]                                                                                        | inst_decoder/regFile/SR[0]                                                                                                       |               14 |             32 |
|  clk1/inst/cpu_clk                   | rom_inst/registers_reg[2][0][0]                                                                                         | inst_decoder/regFile/SR[0]                                                                                                       |               15 |             32 |
|  clk1/inst/cpu_clk                   | rom_inst/registers_reg[7][0][0]                                                                                         | inst_decoder/regFile/SR[0]                                                                                                       |               24 |             32 |
|  clk1/inst/cpu_clk                   | rom_inst/registers_reg[4][0][0]                                                                                         | inst_decoder/regFile/SR[0]                                                                                                       |               14 |             32 |
|  clk1/inst/cpu_clk                   | rom_inst/registers_reg[3][0][0]                                                                                         | inst_decoder/regFile/SR[0]                                                                                                       |               14 |             32 |
| ~clk1/inst/cpu_clk                   |                                                                                                                         | inst_decoder/regFile/SR[0]                                                                                                       |                8 |             32 |
|  clk1/inst/cpu_clk                   | rom_inst/registers_reg[18][0][0]                                                                                        | inst_decoder/regFile/SR[0]                                                                                                       |               13 |             32 |
|  clk1/inst/cpu_clk                   | rom_inst/registers_reg[19][0][0]                                                                                        | inst_decoder/regFile/SR[0]                                                                                                       |               10 |             32 |
|  clk1/inst/cpu_clk                   | rom_inst/registers_reg[1][0][0]                                                                                         | inst_decoder/regFile/SR[0]                                                                                                       |               16 |             32 |
|  clk1/inst/cpu_clk                   | rom_inst/registers_reg[17][0][0]                                                                                        | inst_decoder/regFile/SR[0]                                                                                                       |               13 |             32 |
|  clk1/inst/cpu_clk                   | rom_inst/registers_reg[21][0][0]                                                                                        | inst_decoder/regFile/SR[0]                                                                                                       |               16 |             32 |
|  clk1/inst/cpu_clk                   | rom_inst/registers_reg[22][0][0]                                                                                        | inst_decoder/regFile/SR[0]                                                                                                       |               16 |             32 |
|  clk1/inst/cpu_clk                   | rom_inst/registers_reg[20][0][0]                                                                                        | inst_decoder/regFile/SR[0]                                                                                                       |               15 |             32 |
|  clk1/inst/cpu_clk                   | rom_inst/registers_reg[0][0][0]                                                                                         | inst_decoder/regFile/SR[0]                                                                                                       |               18 |             32 |
|  clk1/inst/cpu_clk                   | rom_inst/registers_reg[10][0][0]                                                                                        | inst_decoder/regFile/SR[0]                                                                                                       |               11 |             32 |
|  clk1/inst/cpu_clk                   | rom_inst/registers_reg[11][0][0]                                                                                        | inst_decoder/regFile/SR[0]                                                                                                       |               17 |             32 |
|  clk1/inst/cpu_clk                   | rom_inst/registers_reg[12][0][0]                                                                                        | inst_decoder/regFile/SR[0]                                                                                                       |               15 |             32 |
|  clk1/inst/cpu_clk                   | rom_inst/registers_reg[30][0][0]                                                                                        | inst_decoder/regFile/SR[0]                                                                                                       |               23 |             32 |
|  clk1/inst/cpu_clk                   | rom_inst/registers_reg[14][0][0]                                                                                        | inst_decoder/regFile/SR[0]                                                                                                       |               13 |             32 |
|  clk1/inst/cpu_clk                   | rom_inst/registers_reg[15][0][0]                                                                                        | inst_decoder/regFile/SR[0]                                                                                                       |               13 |             32 |
|  clk1/inst/cpu_clk                   | rom_inst/registers_reg[16][0][0]                                                                                        | inst_decoder/regFile/SR[0]                                                                                                       |               15 |             32 |
|  clk1/inst/cpu_clk                   | rom_inst/registers_reg[6][0][0]                                                                                         | inst_decoder/regFile/SR[0]                                                                                                       |               19 |             32 |
|  clk1/inst/cpu_clk                   | rom_inst/registers_reg[25][0][0]                                                                                        | inst_decoder/regFile/SR[0]                                                                                                       |               14 |             32 |
|  clk1/inst/cpu_clk                   | rom_inst/registers_reg[31][0][0]                                                                                        | inst_decoder/regFile/SR[0]                                                                                                       |               20 |             32 |
|  clk1/inst/cpu_clk                   | rom_inst/registers_reg[27][0][0]                                                                                        | inst_decoder/regFile/SR[0]                                                                                                       |               14 |             32 |
|  clk1/inst/cpu_clk                   | rom_inst/registers_reg[28][0][0]                                                                                        | inst_decoder/regFile/SR[0]                                                                                                       |               16 |             32 |
|  clk1/inst/cpu_clk                   | rom_inst/registers_reg[5][0][0]                                                                                         | inst_decoder/regFile/SR[0]                                                                                                       |               15 |             32 |
|  clk1/inst/cpu_clk                   | rom_inst/registers_reg[8][0][0]                                                                                         | inst_decoder/regFile/SR[0]                                                                                                       |               17 |             32 |
|  clk1/inst/cpu_clk                   | rom_inst/registers_reg[9][0][0]                                                                                         | inst_decoder/regFile/SR[0]                                                                                                       |               19 |             32 |
|  clk1/inst/cpu_clk                   | rom_inst/registers_reg[29][0][0]                                                                                        | inst_decoder/regFile/SR[0]                                                                                                       |               13 |             32 |
|  clk1/inst/cpu_clk                   | rom_inst/registers_reg[23][0][0]                                                                                        | inst_decoder/regFile/SR[0]                                                                                                       |               18 |             32 |
|  clk1/inst/cpu_clk                   | rom_inst/registers_reg[24][0][0]                                                                                        | inst_decoder/regFile/SR[0]                                                                                                       |               19 |             32 |
|  clk1/inst/uart_clk                  |                                                                                                                         | upg_rst                                                                                                                          |               13 |             33 |
|  uart_inst/inst/upg_inst/rdStat_BUFG | uart_inst/inst/upg_inst/byte_num                                                                                        | upg_rst                                                                                                                          |                9 |             36 |
|  clk1/inst/cpu_clk                   |                                                                                                                         |                                                                                                                                  |               16 |             36 |
|  uart_inst/inst/upg_inst/rdStat_BUFG | uart_inst/inst/upg_inst/upg_adr_o[14]_i_1_n_0                                                                           | upg_rst                                                                                                                          |               14 |             47 |
|  uart_inst/inst/upg_inst/rdStat_BUFG | uart_inst/inst/upg_inst/wr_byte_num_done                                                                                | upg_rst                                                                                                                          |               14 |             49 |
|  uart_inst/inst/upg_inst/rdStat_BUFG | uart_inst/inst/upg_inst/byte_cnt                                                                                        | upg_rst                                                                                                                          |               16 |             56 |
|  vga_clk                             |                                                                                                                         |                                                                                                                                  |               92 |            328 |
+--------------------------------------+-------------------------------------------------------------------------------------------------------------------------+----------------------------------------------------------------------------------------------------------------------------------+------------------+----------------+


+--------+-----------------------+
| Fanout | Number of ControlSets |
+--------+-----------------------+
| 1      |                     4 |
| 2      |                     5 |
| 3      |                     3 |
| 4      |                     3 |
| 5      |                     1 |
| 6      |                     7 |
| 7      |                     3 |
| 8      |                     7 |
| 9      |                     1 |
| 10     |                     1 |
| 12     |                     2 |
| 15     |                     1 |
| 16+    |                    51 |
+--------+-----------------------+


